[DEBUG] 2014-06-30 15:05:16,890 org.springframework.core.env.StandardEnvironment     - Initializing new StandardEnvironment
[DEBUG] 2014-06-30 15:05:16,906 org.springframework.core.env.StandardEnvironment     - Adding [systemProperties] PropertySource with lowest search precedence
[DEBUG] 2014-06-30 15:05:16,906 org.springframework.core.env.StandardEnvironment     - Adding [systemEnvironment] PropertySource with lowest search precedence
[DEBUG] 2014-06-30 15:05:16,906 org.springframework.core.env.StandardEnvironment     - Initialized StandardEnvironment with PropertySources [systemProperties,systemEnvironment]
[INFO ] 2014-06-30 15:05:16,906 org.springframework.context.support.ClassPathXmlApplicationContext     - Refreshing org.springframework.context.support.ClassPathXmlApplicationContext@14c352e: startup date [Mon Jun 30 15:05:16 CST 2014]; root of context hierarchy
[DEBUG] 2014-06-30 15:05:17,093 org.springframework.core.env.StandardEnvironment     - Initializing new StandardEnvironment
[DEBUG] 2014-06-30 15:05:17,093 org.springframework.core.env.StandardEnvironment     - Adding [systemProperties] PropertySource with lowest search precedence
[DEBUG] 2014-06-30 15:05:17,093 org.springframework.core.env.StandardEnvironment     - Adding [systemEnvironment] PropertySource with lowest search precedence
[DEBUG] 2014-06-30 15:05:17,093 org.springframework.core.env.StandardEnvironment     - Initialized StandardEnvironment with PropertySources [systemProperties,systemEnvironment]
[INFO ] 2014-06-30 15:05:17,140 org.springframework.beans.factory.xml.XmlBeanDefinitionReader     - Loading XML bean definitions from class path resource [spring-examw-oa-listener.xml]
[DEBUG] 2014-06-30 15:05:17,140 org.springframework.beans.factory.xml.DefaultDocumentLoader     - Using JAXP provider [com.sun.org.apache.xerces.internal.jaxp.DocumentBuilderFactoryImpl]
[DEBUG] 2014-06-30 15:05:17,187 org.springframework.beans.factory.xml.BeansDtdResolver     - Found beans DTD [http://www.springframework.org/dtd/spring-beans.dtd] in classpath: spring-beans.dtd
[DEBUG] 2014-06-30 15:05:17,218 org.springframework.beans.factory.xml.DefaultBeanDefinitionDocumentReader     - Loading bean definitions
[DEBUG] 2014-06-30 15:05:17,265 org.springframework.beans.factory.xml.BeanDefinitionParserDelegate     - No XML 'id' specified - using 'ReportServiceImpl' as bean name and [] as aliases
[DEBUG] 2014-06-30 15:05:17,281 org.springframework.beans.factory.xml.BeanDefinitionParserDelegate     - Neither XML 'id' nor 'name' specified - using generated bean name [org.springframework.scheduling.quartz.SchedulerFactoryBean#0]
[DEBUG] 2014-06-30 15:05:17,281 org.springframework.beans.factory.xml.XmlBeanDefinitionReader     - Loaded 6 bean definitions from location pattern [spring-examw-oa-listener.xml]
[DEBUG] 2014-06-30 15:05:17,281 org.springframework.context.support.ClassPathXmlApplicationContext     - Bean factory for org.springframework.context.support.ClassPathXmlApplicationContext@14c352e: org.springframework.beans.factory.support.DefaultListableBeanFactory@661950: defining beans [ReportServiceImpl,methodInvokingJobDetail,cronTrigger,cronTrigger1,cronTrigger2,org.springframework.scheduling.quartz.SchedulerFactoryBean#0]; root of factory hierarchy
[DEBUG] 2014-06-30 15:05:17,437 org.springframework.context.support.ClassPathXmlApplicationContext     - Unable to locate MessageSource with name 'messageSource': using default [org.springframework.context.support.DelegatingMessageSource@16db810]
[DEBUG] 2014-06-30 15:05:17,437 org.springframework.context.support.ClassPathXmlApplicationContext     - Unable to locate ApplicationEventMulticaster with name 'applicationEventMulticaster': using default [org.springframework.context.event.SimpleApplicationEventMulticaster@1eda7a3]
[INFO ] 2014-06-30 15:05:17,453 org.springframework.beans.factory.support.DefaultListableBeanFactory     - Pre-instantiating singletons in org.springframework.beans.factory.support.DefaultListableBeanFactory@661950: defining beans [ReportServiceImpl,methodInvokingJobDetail,cronTrigger,cronTrigger1,cronTrigger2,org.springframework.scheduling.quartz.SchedulerFactoryBean#0]; root of factory hierarchy
[DEBUG] 2014-06-30 15:05:17,453 org.springframework.beans.factory.support.DefaultListableBeanFactory     - Creating shared instance of singleton bean 'ReportServiceImpl'
[DEBUG] 2014-06-30 15:05:17,453 org.springframework.beans.factory.support.DefaultListableBeanFactory     - Creating instance of bean 'ReportServiceImpl'
[DEBUG] 2014-06-30 15:05:17,531 org.springframework.beans.factory.support.DefaultListableBeanFactory     - Eagerly caching bean 'ReportServiceImpl' to allow for resolving potential circular references
[DEBUG] 2014-06-30 15:05:17,546 org.springframework.beans.factory.support.DefaultListableBeanFactory     - Finished creating instance of bean 'ReportServiceImpl'
[DEBUG] 2014-06-30 15:05:17,546 org.springframework.beans.factory.support.DefaultListableBeanFactory     - Creating shared instance of singleton bean 'methodInvokingJobDetail'
[DEBUG] 2014-06-30 15:05:17,546 org.springframework.beans.factory.support.DefaultListableBeanFactory     - Creating instance of bean 'methodInvokingJobDetail'
[DEBUG] 2014-06-30 15:05:17,593 org.springframework.beans.factory.support.DefaultListableBeanFactory     - Eagerly caching bean 'methodInvokingJobDetail' to allow for resolving potential circular references
[DEBUG] 2014-06-30 15:05:17,640 org.springframework.beans.factory.support.DefaultListableBeanFactory     - Returning cached instance of singleton bean 'ReportServiceImpl'
[DEBUG] 2014-06-30 15:05:17,687 org.springframework.beans.factory.support.DefaultListableBeanFactory     - Invoking afterPropertiesSet() on bean with name 'methodInvokingJobDetail'
[DEBUG] 2014-06-30 15:05:17,703   org.springframework.beans.BeanUtils     - No property editor [com.examw.oa.domain.plan.ReportEditor] found for type com.examw.oa.domain.plan.Report according to 'Editor' suffix convention
[INFO ] 2014-06-30 15:05:17,703 org.springframework.beans.factory.support.DefaultListableBeanFactory     - Destroying singletons in org.springframework.beans.factory.support.DefaultListableBeanFactory@661950: defining beans [ReportServiceImpl,methodInvokingJobDetail,cronTrigger,cronTrigger1,cronTrigger2,org.springframework.scheduling.quartz.SchedulerFactoryBean#0]; root of factory hierarchy
[DEBUG] 2014-06-30 15:05:52,484 org.springframework.core.env.StandardEnvironment     - Initializing new StandardEnvironment
[DEBUG] 2014-06-30 15:05:52,500 org.springframework.core.env.StandardEnvironment     - Adding [systemProperties] PropertySource with lowest search precedence
[DEBUG] 2014-06-30 15:05:52,500 org.springframework.core.env.StandardEnvironment     - Adding [systemEnvironment] PropertySource with lowest search precedence
[DEBUG] 2014-06-30 15:05:52,500 org.springframework.core.env.StandardEnvironment     - Initialized StandardEnvironment with PropertySources [systemProperties,systemEnvironment]
[INFO ] 2014-06-30 15:05:52,500 org.springframework.context.support.ClassPathXmlApplicationContext     - Refreshing org.springframework.context.support.ClassPathXmlApplicationContext@37a04c: startup date [Mon Jun 30 15:05:52 CST 2014]; root of context hierarchy
[DEBUG] 2014-06-30 15:05:52,562 org.springframework.core.env.StandardEnvironment     - Initializing new StandardEnvironment
[DEBUG] 2014-06-30 15:05:52,562 org.springframework.core.env.StandardEnvironment     - Adding [systemProperties] PropertySource with lowest search precedence
[DEBUG] 2014-06-30 15:05:52,562 org.springframework.core.env.StandardEnvironment     - Adding [systemEnvironment] PropertySource with lowest search precedence
[DEBUG] 2014-06-30 15:05:52,562 org.springframework.core.env.StandardEnvironment     - Initialized StandardEnvironment with PropertySources [systemProperties,systemEnvironment]
[INFO ] 2014-06-30 15:05:52,578 org.springframework.beans.factory.xml.XmlBeanDefinitionReader     - Loading XML bean definitions from class path resource [spring-examw-oa-listener.xml]
[DEBUG] 2014-06-30 15:05:52,593 org.springframework.beans.factory.xml.DefaultDocumentLoader     - Using JAXP provider [com.sun.org.apache.xerces.internal.jaxp.DocumentBuilderFactoryImpl]
[DEBUG] 2014-06-30 15:05:52,609 org.springframework.beans.factory.xml.BeansDtdResolver     - Found beans DTD [http://www.springframework.org/dtd/spring-beans.dtd] in classpath: spring-beans.dtd
[DEBUG] 2014-06-30 15:05:52,640 org.springframework.beans.factory.xml.DefaultBeanDefinitionDocumentReader     - Loading bean definitions
[DEBUG] 2014-06-30 15:05:52,656 org.springframework.beans.factory.xml.BeanDefinitionParserDelegate     - No XML 'id' specified - using 'ReportServiceImpl' as bean name and [] as aliases
[DEBUG] 2014-06-30 15:05:52,671 org.springframework.beans.factory.xml.BeanDefinitionParserDelegate     - Neither XML 'id' nor 'name' specified - using generated bean name [org.springframework.scheduling.quartz.SchedulerFactoryBean#0]
[DEBUG] 2014-06-30 15:05:52,671 org.springframework.beans.factory.xml.XmlBeanDefinitionReader     - Loaded 6 bean definitions from location pattern [spring-examw-oa-listener.xml]
[DEBUG] 2014-06-30 15:05:52,671 org.springframework.context.support.ClassPathXmlApplicationContext     - Bean factory for org.springframework.context.support.ClassPathXmlApplicationContext@37a04c: org.springframework.beans.factory.support.DefaultListableBeanFactory@107eafc: defining beans [ReportServiceImpl,methodInvokingJobDetail,cronTrigger,cronTrigger1,cronTrigger2,org.springframework.scheduling.quartz.SchedulerFactoryBean#0]; root of factory hierarchy
[DEBUG] 2014-06-30 15:05:52,703 org.springframework.context.support.ClassPathXmlApplicationContext     - Unable to locate MessageSource with name 'messageSource': using default [org.springframework.context.support.DelegatingMessageSource@4f349b]
[DEBUG] 2014-06-30 15:05:52,718 org.springframework.context.support.ClassPathXmlApplicationContext     - Unable to locate ApplicationEventMulticaster with name 'applicationEventMulticaster': using default [org.springframework.context.event.SimpleApplicationEventMulticaster@198df1f]
[INFO ] 2014-06-30 15:05:52,718 org.springframework.beans.factory.support.DefaultListableBeanFactory     - Pre-instantiating singletons in org.springframework.beans.factory.support.DefaultListableBeanFactory@107eafc: defining beans [ReportServiceImpl,methodInvokingJobDetail,cronTrigger,cronTrigger1,cronTrigger2,org.springframework.scheduling.quartz.SchedulerFactoryBean#0]; root of factory hierarchy
[DEBUG] 2014-06-30 15:05:52,718 org.springframework.beans.factory.support.DefaultListableBeanFactory     - Creating shared instance of singleton bean 'ReportServiceImpl'
[DEBUG] 2014-06-30 15:05:52,718 org.springframework.beans.factory.support.DefaultListableBeanFactory     - Creating instance of bean 'ReportServiceImpl'
[DEBUG] 2014-06-30 15:05:52,734 org.springframework.beans.factory.support.DefaultListableBeanFactory     - Eagerly caching bean 'ReportServiceImpl' to allow for resolving potential circular references
[DEBUG] 2014-06-30 15:05:52,734 org.springframework.beans.factory.support.DefaultListableBeanFactory     - Finished creating instance of bean 'ReportServiceImpl'
[DEBUG] 2014-06-30 15:05:52,734 org.springframework.beans.factory.support.DefaultListableBeanFactory     - Creating shared instance of singleton bean 'methodInvokingJobDetail'
[DEBUG] 2014-06-30 15:05:52,734 org.springframework.beans.factory.support.DefaultListableBeanFactory     - Creating instance of bean 'methodInvokingJobDetail'
[DEBUG] 2014-06-30 15:05:52,750 org.springframework.beans.factory.support.DefaultListableBeanFactory     - Eagerly caching bean 'methodInvokingJobDetail' to allow for resolving potential circular references
[DEBUG] 2014-06-30 15:05:52,750 org.springframework.beans.factory.support.DefaultListableBeanFactory     - Returning cached instance of singleton bean 'ReportServiceImpl'
[DEBUG] 2014-06-30 15:05:52,781 org.springframework.beans.factory.support.DefaultListableBeanFactory     - Invoking afterPropertiesSet() on bean with name 'methodInvokingJobDetail'
[DEBUG] 2014-06-30 15:05:52,796   org.springframework.beans.BeanUtils     - No property editor [com.examw.oa.domain.plan.ReportEditor] found for type com.examw.oa.domain.plan.Report according to 'Editor' suffix convention
[INFO ] 2014-06-30 15:05:52,796 org.springframework.beans.factory.support.DefaultListableBeanFactory     - Destroying singletons in org.springframework.beans.factory.support.DefaultListableBeanFactory@107eafc: defining beans [ReportServiceImpl,methodInvokingJobDetail,cronTrigger,cronTrigger1,cronTrigger2,org.springframework.scheduling.quartz.SchedulerFactoryBean#0]; root of factory hierarchy
[DEBUG] 2014-06-30 15:07:57,046 org.springframework.core.env.StandardEnvironment     - Initializing new StandardEnvironment
[DEBUG] 2014-06-30 15:07:57,046 org.springframework.core.env.StandardEnvironment     - Adding [systemProperties] PropertySource with lowest search precedence
[DEBUG] 2014-06-30 15:07:57,062 org.springframework.core.env.StandardEnvironment     - Adding [systemEnvironment] PropertySource with lowest search precedence
[DEBUG] 2014-06-30 15:07:57,062 org.springframework.core.env.StandardEnvironment     - Initialized StandardEnvironment with PropertySources [systemProperties,systemEnvironment]
[INFO ] 2014-06-30 15:07:57,062 org.springframework.context.support.ClassPathXmlApplicationContext     - Refreshing org.springframework.context.support.ClassPathXmlApplicationContext@111089b: startup date [Mon Jun 30 15:07:57 CST 2014]; root of context hierarchy
[DEBUG] 2014-06-30 15:07:57,109 org.springframework.core.env.StandardEnvironment     - Initializing new StandardEnvironment
[DEBUG] 2014-06-30 15:07:57,109 org.springframework.core.env.StandardEnvironment     - Adding [systemProperties] PropertySource with lowest search precedence
[DEBUG] 2014-06-30 15:07:57,109 org.springframework.core.env.StandardEnvironment     - Adding [systemEnvironment] PropertySource with lowest search precedence
[DEBUG] 2014-06-30 15:07:57,109 org.springframework.core.env.StandardEnvironment     - Initialized StandardEnvironment with PropertySources [systemProperties,systemEnvironment]
[INFO ] 2014-06-30 15:07:57,125 org.springframework.beans.factory.xml.XmlBeanDefinitionReader     - Loading XML bean definitions from class path resource [spring-examw-oa-listener.xml]
[DEBUG] 2014-06-30 15:07:57,125 org.springframework.beans.factory.xml.DefaultDocumentLoader     - Using JAXP provider [com.sun.org.apache.xerces.internal.jaxp.DocumentBuilderFactoryImpl]
[DEBUG] 2014-06-30 15:07:57,156 org.springframework.beans.factory.xml.BeansDtdResolver     - Found beans DTD [http://www.springframework.org/dtd/spring-beans.dtd] in classpath: spring-beans.dtd
[DEBUG] 2014-06-30 15:07:57,171 org.springframework.beans.factory.xml.DefaultBeanDefinitionDocumentReader     - Loading bean definitions
[DEBUG] 2014-06-30 15:07:57,187 org.springframework.beans.factory.xml.BeanDefinitionParserDelegate     - No XML 'id' specified - using 'ReportServiceImpl' as bean name and [] as aliases
[DEBUG] 2014-06-30 15:07:57,203 org.springframework.beans.factory.xml.BeanDefinitionParserDelegate     - Neither XML 'id' nor 'name' specified - using generated bean name [org.springframework.scheduling.quartz.SchedulerFactoryBean#0]
[DEBUG] 2014-06-30 15:07:57,203 org.springframework.beans.factory.xml.XmlBeanDefinitionReader     - Loaded 6 bean definitions from location pattern [spring-examw-oa-listener.xml]
[DEBUG] 2014-06-30 15:07:57,203 org.springframework.context.support.ClassPathXmlApplicationContext     - Bean factory for org.springframework.context.support.ClassPathXmlApplicationContext@111089b: org.springframework.beans.factory.support.DefaultListableBeanFactory@196d898: defining beans [ReportServiceImpl,methodInvokingJobDetail,cronTrigger,cronTrigger1,cronTrigger2,org.springframework.scheduling.quartz.SchedulerFactoryBean#0]; root of factory hierarchy
[DEBUG] 2014-06-30 15:07:57,234 org.springframework.context.support.ClassPathXmlApplicationContext     - Unable to locate MessageSource with name 'messageSource': using default [org.springframework.context.support.DelegatingMessageSource@7c197e]
[DEBUG] 2014-06-30 15:07:57,234 org.springframework.context.support.ClassPathXmlApplicationContext     - Unable to locate ApplicationEventMulticaster with name 'applicationEventMulticaster': using default [org.springframework.context.event.SimpleApplicationEventMulticaster@7a6e84]
[INFO ] 2014-06-30 15:07:57,234 org.springframework.beans.factory.support.DefaultListableBeanFactory     - Pre-instantiating singletons in org.springframework.beans.factory.support.DefaultListableBeanFactory@196d898: defining beans [ReportServiceImpl,methodInvokingJobDetail,cronTrigger,cronTrigger1,cronTrigger2,org.springframework.scheduling.quartz.SchedulerFactoryBean#0]; root of factory hierarchy
[DEBUG] 2014-06-30 15:07:57,234 org.springframework.beans.factory.support.DefaultListableBeanFactory     - Creating shared instance of singleton bean 'ReportServiceImpl'
[DEBUG] 2014-06-30 15:07:57,234 org.springframework.beans.factory.support.DefaultListableBeanFactory     - Creating instance of bean 'ReportServiceImpl'
[DEBUG] 2014-06-30 15:07:57,265 org.springframework.beans.factory.support.DefaultListableBeanFactory     - Eagerly caching bean 'ReportServiceImpl' to allow for resolving potential circular references
[DEBUG] 2014-06-30 15:07:57,265 org.springframework.beans.factory.support.DefaultListableBeanFactory     - Finished creating instance of bean 'ReportServiceImpl'
[DEBUG] 2014-06-30 15:07:57,265 org.springframework.beans.factory.support.DefaultListableBeanFactory     - Creating shared instance of singleton bean 'methodInvokingJobDetail'
[DEBUG] 2014-06-30 15:07:57,265 org.springframework.beans.factory.support.DefaultListableBeanFactory     - Creating instance of bean 'methodInvokingJobDetail'
[DEBUG] 2014-06-30 15:07:57,265 org.springframework.beans.factory.support.DefaultListableBeanFactory     - Eagerly caching bean 'methodInvokingJobDetail' to allow for resolving potential circular references
[DEBUG] 2014-06-30 15:07:57,281 org.springframework.beans.factory.support.DefaultListableBeanFactory     - Returning cached instance of singleton bean 'ReportServiceImpl'
[DEBUG] 2014-06-30 15:07:57,296 org.springframework.beans.factory.support.DefaultListableBeanFactory     - Invoking afterPropertiesSet() on bean with name 'methodInvokingJobDetail'
[DEBUG] 2014-06-30 15:07:57,312   org.springframework.beans.BeanUtils     - No property editor [com.examw.oa.domain.plan.ReportEditor] found for type com.examw.oa.domain.plan.Report according to 'Editor' suffix convention
[INFO ] 2014-06-30 15:07:57,312 org.springframework.beans.factory.support.DefaultListableBeanFactory     - Destroying singletons in org.springframework.beans.factory.support.DefaultListableBeanFactory@196d898: defining beans [ReportServiceImpl,methodInvokingJobDetail,cronTrigger,cronTrigger1,cronTrigger2,org.springframework.scheduling.quartz.SchedulerFactoryBean#0]; root of factory hierarchy
